<?xml version="1.0" encoding="utf-8"?>
<shfbBuild product="Sandcastle Help File Builder and Tools" version="2017.1.28.0" projectFile="C:\Users\eugafe\Desktop\Proyec_Navaja_Suiza\Documentation1\Documentation1.shfbproj" started="16/05/2017 0:09:29">
<buildStep step="Initializing">
Finding tools...
The Sandcastle tools are located in &#39;C:\Program Files\EWSoftware\Sandcastle Help File Builder\&#39;
Searching for HTML Help 1 compiler...
Found HTML Help 1 compiler in &#39;C:\Program Files\HTML Help Workshop\&#39;
Locating components in the following folder(s):
    C:\Users\eugafe\Desktop\Proyec_Navaja_Suiza\Documentation1
    C:\ProgramData\EWSoftware\Sandcastle Help File Builder\Components and Plug-Ins\
    C:\Program Files\EWSoftware\Sandcastle Help File Builder\
Using framework reflection data for &#39;.NET Framework 4.5&#39; located in &#39;C:\Program Files\EWSoftware\Sandcastle Help File Builder\Data\.NETFramework&#39;
Using presentation style &#39;VS2013&#39; located in &#39;C:\Program Files\EWSoftware\Sandcastle Help File Builder\PresentationStyles\VS2013&#39;
Loading and initializing plug-ins...
Lightweight Website Style Version 2017.1.28.0
Copyright &#169; 2006-2017, Eric Woodruff, All Rights Reserved
Portions Copyright &#169; 2014, Sam Harwell, All Rights Reserved
-------------------------------
Clearing any prior web/markdown output...
</buildStep>
<buildStep step="ValidatingDocumentationSources">
Validating and copying documentation source information
Source: C:\Users\eugafe\Desktop\Proyec_Navaja_Suiza\Proyec_Navaja_Suiza.sln
    Found project &#39;C:\Users\eugafe\Desktop\Proyec_Navaja_Suiza\ProyecNavajaSuiza.csproj&#39;
    Found project &#39;C:\Users\eugafe\Desktop\Proyec_Navaja_Suiza\Proyec_Prueba_NavajaSuiza\ProyecPruebaNavajaSuiza.csproj&#39;

Parsing project files
    Found assembly &#39;C:\Users\eugafe\Desktop\Proyec_Navaja_Suiza\bin\Debug\Proyec_Navaja_Suiza.exe&#39;
    Found assembly &#39;C:\Users\eugafe\Desktop\Proyec_Navaja_Suiza\Proyec_Prueba_NavajaSuiza\bin\Debug\Proyec_Prueba_NavajaSuiza.dll&#39;
SHFB: Warning BE0007: A project with a different or higher framework version was found.  Changing project FrameworkVersion property from &#39;.NET Framework 4.5&#39; to &#39;.NET Framework 4.5.2&#39; for the build.

References to include (excluding framework assemblies):
    Microsoft.VisualStudio.QualityTools.UnitTestFramework

Copying XML comments files
    C:\Users\eugafe\Desktop\Proyec_Navaja_Suiza\bin\Debug\Proyec_Navaja_Suiza.XML -&gt; C:\Users\eugafe\Desktop\Proyec_Navaja_Suiza\Documentation1\Help\Working\Proyec_Navaja_Suiza.XML
</buildStep>
<buildStep step="GenerateSharedContent">
Generating shared content files (es-ES, Espa&#241;ol (Espa&#241;a))...
<plugIn name="Lightweight Website Style" behavior="After" priority="1000">
</plugIn>    Last step completed in 00:00:00,0150
</buildStep>
<buildStep step="GenerateApiFilter">
Generating API filter for MRefBuilder...
    Last step completed in 00:00:00,0010
</buildStep>
<buildStep step="GenerateReflectionInfo">
Generating reflection information...
[C:\Program Files\MSBuild\14.0\bin\MSBuild.exe - GenerateRefInfo.proj]
Compilaci&#162;n iniciada a las 16/05/2017 0:09:31.
Proyecto &quot;C:\Users\eugafe\Desktop\Proyec_Navaja_Suiza\Documentation1\Help\Working\GenerateRefInfo.proj&quot; en nodo 1 (destinos predeterminados).
PrepareForBuild:
  Creando directorio &quot;obj\Debug\&quot;.
GenerateRefInfo:
  MRefBuilder (v2017.1.28.0)
  Copyright &#184; 2006-2017, Microsoft Corporation, All Rights Reserved.
  Portions Copyright &#184; 2006-2016, Eric Woodruff, All Rights Reserved.
  No source code context base path specified.  Source context information is unavailable.
  Loaded 2 assemblies for reflection and 2 dependency assemblies.
  Wrote information on 6 namespaces, 10 types, and 23 members
  Copiando el archivo de &quot;reflection.org&quot; en &quot;reflection.all&quot;.
  XslTransform (v2017.1.28.0)
  Copyright &#184; 2006-2017, Microsoft Corporation, All Rights Reserved.
  Portions Copyright &#184; 2006-2016, Eric Woodruff, All Rights Reserved.
  Applying XSL transformation &#39;C:\Program Files\EWSoftware\Sandcastle Help File Builder\ProductionTransforms\MergeDuplicates.xsl&#39;.
Compilaci&#162;n del proyecto terminada &quot;C:\Users\eugafe\Desktop\Proyec_Navaja_Suiza\Documentation1\Help\Working\GenerateRefInfo.proj&quot; (destinos predeterminados).

Compilaci&#162;n correcta.

Tiempo transcurrido 00:00:01.59
    Last step completed in 00:00:02,1201
</buildStep>
<buildStep step="TransformReflectionInfo">
Transforming reflection output...
[C:\Program Files\MSBuild\14.0\bin\MSBuild.exe - TransformManifest.proj]
Compilaci&#162;n iniciada a las 16/05/2017 0:09:33.
Proyecto &quot;C:\Users\eugafe\Desktop\Proyec_Navaja_Suiza\Documentation1\Help\Working\TransformManifest.proj&quot; en nodo 1 (destinos predeterminados).
TransformManifest:
  XslTransform (v2017.1.28.0)
  Copyright &#184; 2006-2017, Microsoft Corporation, All Rights Reserved.
  Portions Copyright &#184; 2006-2016, Eric Woodruff, All Rights Reserved.
  Applying XSL transformation &#39;C:\Program Files\EWSoftware\Sandcastle Help File Builder\\ProductionTransforms\ApplyVSDocModel.xsl&#39;.
  Copiando el archivo de &quot;reflection.xml&quot; en &quot;reflection.nofilenames&quot;.
  XslTransform (v2017.1.28.0)
  Copyright &#184; 2006-2017, Microsoft Corporation, All Rights Reserved.
  Portions Copyright &#184; 2006-2016, Eric Woodruff, All Rights Reserved.
  Applying XSL transformation &#39;C:\Program Files\EWSoftware\Sandcastle Help File Builder\ProductionTransforms\AddFilenames.xsl&#39;.
  XslTransform (v2017.1.28.0)
  Copyright &#184; 2006-2017, Microsoft Corporation, All Rights Reserved.
  Portions Copyright &#184; 2006-2016, Eric Woodruff, All Rights Reserved.
  Applying XSL transformation &#39;C:\Program Files\EWSoftware\Sandcastle Help File Builder\ProductionTransforms\ReflectionToManifest.xsl&#39;.
Compilaci&#162;n del proyecto terminada &quot;C:\Users\eugafe\Desktop\Proyec_Navaja_Suiza\Documentation1\Help\Working\TransformManifest.proj&quot; (destinos predeterminados).

Compilaci&#162;n correcta.

Tiempo transcurrido 00:00:03.28
    Last step completed in 00:00:03,7882
</buildStep>
<buildStep step="GenerateNamespaceSummaries">
Generating namespace summary information...
    Last step completed in 00:00:00,2450
</buildStep>
<buildStep step="CopyConceptualContent">
Copying conceptual content...
Copying standard token shared content file...
Checking for other token files...
Checking for code snippets files...
Copying images and creating the media map file...
Generating conceptual topic files
    Parsing topic file &#39;C:\Users\eugafe\Desktop\Proyec_Navaja_Suiza\Documentation1\Content\Welcome.aml&#39;
    C:\Users\eugafe\Desktop\Proyec_Navaja_Suiza\Documentation1\Content\Welcome.aml -&gt; C:\Users\eugafe\Desktop\Proyec_Navaja_Suiza\Documentation1\Help\Working\ddueXml\560c50b9-96b7-4762-8a28-15d251297370.xml
    Parsing topic file &#39;C:\Users\eugafe\Desktop\Proyec_Navaja_Suiza\Documentation1\Content\VersionHistory\VersionHistory.aml&#39;
    C:\Users\eugafe\Desktop\Proyec_Navaja_Suiza\Documentation1\Content\VersionHistory\VersionHistory.aml -&gt; C:\Users\eugafe\Desktop\Proyec_Navaja_Suiza\Documentation1\Help\Working\ddueXml\045d2659-d205-4957-81e3-8d1f91515518.xml
    Parsing topic file &#39;C:\Users\eugafe\Desktop\Proyec_Navaja_Suiza\Documentation1\Content\VersionHistory\v1.0.0.0.aml&#39;
    C:\Users\eugafe\Desktop\Proyec_Navaja_Suiza\Documentation1\Content\VersionHistory\v1.0.0.0.aml -&gt; C:\Users\eugafe\Desktop\Proyec_Navaja_Suiza\Documentation1\Help\Working\ddueXml\8a9990f6-8ac3-4afc-9a09-7786ce73149e.xml
    Last step completed in 00:00:00,0710
</buildStep>
<buildStep step="CreateConceptualTopicConfigs">
Creating conceptual topic configuration files...
    Companion files
    _ContentMetadata_.xml
    Merging topic IDs into manifest.xml
    Last step completed in 00:00:00,0200
</buildStep>
<buildStep step="CopyAdditionalContent">
Copying additional content files...
C:\Users\eugafe\Desktop\Proyec_Navaja_Suiza\Documentation1\icons\Help.png -&gt; C:\Users\eugafe\Desktop\Proyec_Navaja_Suiza\Documentation1\Help\Working\Output\HtmlHelp1\icons\Help.png
C:\Users\eugafe\Desktop\Proyec_Navaja_Suiza\Documentation1\icons\Help.png -&gt; C:\Users\eugafe\Desktop\Proyec_Navaja_Suiza\Documentation1\Help\Working\Output\Website\icons\Help.png
    Last step completed in 00:00:00,0200
</buildStep>
<buildStep step="MergeTablesOfContents">
Merging conceptual and additional tables of contents...
    Last step completed in 00:00:00,0010
</buildStep>
<buildStep step="GenerateIntermediateTableOfContents">
Generating intermediate table of contents file...
[C:\Program Files\MSBuild\14.0\bin\MSBuild.exe - GenerateIntermediateTOC.proj]
Compilaci&#162;n iniciada a las 16/05/2017 0:09:37.
Proyecto &quot;C:\Users\eugafe\Desktop\Proyec_Navaja_Suiza\Documentation1\Help\Working\GenerateIntermediateTOC.proj&quot; en nodo 1 (destinos predeterminados).
GenerateIntermediateTOC:
  XslTransform (v2017.1.28.0)
  Copyright &#184; 2006-2017, Microsoft Corporation, All Rights Reserved.
  Portions Copyright &#184; 2006-2016, Eric Woodruff, All Rights Reserved.
  Applying XSL transformation &#39;C:\Program Files\EWSoftware\Sandcastle Help File Builder\\ProductionTransforms\CreateVSToc.xsl&#39;.
Compilaci&#162;n del proyecto terminada &quot;C:\Users\eugafe\Desktop\Proyec_Navaja_Suiza\Documentation1\Help\Working\GenerateIntermediateTOC.proj&quot; (destinos predeterminados).

Compilaci&#162;n correcta.

Tiempo transcurrido 00:00:00.38
Generating conceptual content intermediate TOC file...
    Last step completed in 00:00:00,7810
</buildStep>
<buildStep step="CreateBuildAssemblerConfigs">
Creating Sandcastle configuration files...
    sandcastle.config
    Last step completed in 00:00:00,6970
</buildStep>
<buildStep step="MergeCustomConfigs">
Merging custom build component configurations
C:\Users\eugafe\Desktop\Proyec_Navaja_Suiza\Documentation1\Help\Working\sandcastle.config
  Updating reference topic configurations.
  Updating conceptual topic configurations.
    Removing unused ExampleComponent.
    Last step completed in 00:00:00,0130
</buildStep>
<buildStep step="BuildTopics">
Building help topics...
[C:\Program Files\MSBuild\14.0\bin\MSBuild.exe - BuildTopics.proj]
Compilaci&#162;n iniciada a las 16/05/2017 0:09:39.
Proyecto &quot;C:\Users\eugafe\Desktop\Proyec_Navaja_Suiza\Documentation1\Help\Working\BuildTopics.proj&quot; en nodo 1 (destinos predeterminados).
BuildTopics:
  BuildAssembler (v2017.1.28.0)
  Copyright &#184; 2006-2017, Microsoft Corporation, All Rights Reserved.
  Portions Copyright &#184; 2006-2016, Eric Woodruff, All Rights Reserved.
  Loading configuration...
  Processing topics...
BuildAssembler : warning : ShowMissingComponent: [N:Proyec_Navaja_Suiza] Missing &lt;summary&gt; documentation [C:\Users\eugafe\Desktop\Proyec_Navaja_Suiza\Documentation1\Help\Working\BuildTopics.proj]
BuildAssembler : warning : ShowMissingComponent: [T:Proyec_Navaja_Suiza.UnitTest1] Missing &lt;summary&gt; documentation [C:\Users\eugafe\Desktop\Proyec_Navaja_Suiza\Documentation1\Help\Working\BuildTopics.proj]
BuildAssembler : warning : ShowMissingComponent: [M:Proyec_Navaja_Suiza.UnitTest1.TestPalindromo1] Missing &lt;summary&gt; documentation [C:\Users\eugafe\Desktop\Proyec_Navaja_Suiza\Documentation1\Help\Working\BuildTopics.proj]
BuildAssembler : warning : ShowMissingComponent: [M:Proyec_Navaja_Suiza.UnitTest1.TestPalindromo2] Missing &lt;summary&gt; documentation [C:\Users\eugafe\Desktop\Proyec_Navaja_Suiza\Documentation1\Help\Working\BuildTopics.proj]
BuildAssembler : warning : ShowMissingComponent: [M:Proyec_Navaja_Suiza.UnitTest1.TestSumaNumeros1] Missing &lt;summary&gt; documentation [C:\Users\eugafe\Desktop\Proyec_Navaja_Suiza\Documentation1\Help\Working\BuildTopics.proj]
BuildAssembler : warning : ShowMissingComponent: [M:Proyec_Navaja_Suiza.UnitTest1.TestSumaNumeros2] Missing &lt;summary&gt; documentation [C:\Users\eugafe\Desktop\Proyec_Navaja_Suiza\Documentation1\Help\Working\BuildTopics.proj]
BuildAssembler : warning : ShowMissingComponent: [M:Proyec_Navaja_Suiza.UnitTest1.TestSumaNumeros3] Missing &lt;summary&gt; documentation [C:\Users\eugafe\Desktop\Proyec_Navaja_Suiza\Documentation1\Help\Working\BuildTopics.proj]
BuildAssembler : warning : ShowMissingComponent: [N:ProyecNavajaSuiza] Missing &lt;summary&gt; documentation [C:\Users\eugafe\Desktop\Proyec_Navaja_Suiza\Documentation1\Help\Working\BuildTopics.proj]
BuildAssembler : warning : ShowMissingComponent: [N:ProyecNavajaSuiza.Factorial] Missing &lt;summary&gt; documentation [C:\Users\eugafe\Desktop\Proyec_Navaja_Suiza\Documentation1\Help\Working\BuildTopics.proj]
BuildAssembler : warning : ShowMissingComponent: [N:ProyecNavajaSuiza.Palindromica] Missing &lt;summary&gt; documentation [C:\Users\eugafe\Desktop\Proyec_Navaja_Suiza\Documentation1\Help\Working\BuildTopics.proj]
BuildAssembler : warning : ShowMissingComponent: [T:ProyecNavajaSuiza.Palindromica.PalidromicaLogica] Missing &lt;summary&gt; documentation [C:\Users\eugafe\Desktop\Proyec_Navaja_Suiza\Documentation1\Help\Working\BuildTopics.proj]
BuildAssembler : warning : ShowMissingComponent: [M:ProyecNavajaSuiza.Palindromica.PalidromicaLogica.palindromo(System.String)] Missing &lt;summary&gt; documentation [C:\Users\eugafe\Desktop\Proyec_Navaja_Suiza\Documentation1\Help\Working\BuildTopics.proj]
BuildAssembler : warning : ShowMissingComponent: [M:ProyecNavajaSuiza.Palindromica.PalidromicaLogica.palindromo(System.String)] Missing &lt;returns&gt; documentation [C:\Users\eugafe\Desktop\Proyec_Navaja_Suiza\Documentation1\Help\Working\BuildTopics.proj]
BuildAssembler : warning : ShowMissingComponent: [M:ProyecNavajaSuiza.Palindromica.PalidromicaLogica.palindromo(System.String)] Missing &lt;param name=&quot;frase&quot;/&gt; documentation [C:\Users\eugafe\Desktop\Proyec_Navaja_Suiza\Documentation1\Help\Working\BuildTopics.proj]
BuildAssembler : warning : ShowMissingComponent: [N:ProyecNavajaSuiza.Sumanumeros] Missing &lt;summary&gt; documentation [C:\Users\eugafe\Desktop\Proyec_Navaja_Suiza\Documentation1\Help\Working\BuildTopics.proj]
BuildAssembler : warning : ShowMissingComponent: [M:ProyecNavajaSuiza.Sumanumeros.SumanumerosLogica.lasuma(System.Int32,System.Int32,System.Int32@)] Missing &lt;returns&gt; documentation [C:\Users\eugafe\Desktop\Proyec_Navaja_Suiza\Documentation1\Help\Working\BuildTopics.proj]
BuildAssembler : warning : ShowMissingComponent: [N:ProyecNavajaSuiza.Temp] Missing &lt;summary&gt; documentation [C:\Users\eugafe\Desktop\Proyec_Navaja_Suiza\Documentation1\Help\Working\BuildTopics.proj]
BuildAssembler : warning : ShowMissingComponent: [M:ProyecNavajaSuiza.Temp.Temp.FLeoVector(System.Int32[])] Missing &lt;summary&gt; documentation [C:\Users\eugafe\Desktop\Proyec_Navaja_Suiza\Documentation1\Help\Working\BuildTopics.proj]
BuildAssembler : warning : ShowMissingComponent: [M:ProyecNavajaSuiza.Temp.Temp.FLeoVector(System.Int32[])] Missing &lt;param name=&quot;vector&quot;/&gt; documentation [C:\Users\eugafe\Desktop\Proyec_Navaja_Suiza\Documentation1\Help\Working\BuildTopics.proj]
BuildAssembler : warning : ShowMissingComponent: [T:ProyecNavajaSuiza.Temp.TempLogica] Missing &lt;summary&gt; documentation [C:\Users\eugafe\Desktop\Proyec_Navaja_Suiza\Documentation1\Help\Working\BuildTopics.proj]
  Processed 67 topic(s)
  20 warning(s)
  CopyFromIndexComponent: &quot;metadata&quot; in-memory cache entries used: 1 of 15.
  ResolveArtLinksComponent: Copying media files...
  ResolveArtLinksComponent: Copying media files...
  CopyFromIndexComponent: &quot;reflection&quot; in-memory cache entries used: 2 of 15.
  CopyFromIndexComponent: &quot;comments&quot; in-memory cache entries used: 5 of 30.
Compilaci&#162;n del proyecto terminada &quot;C:\Users\eugafe\Desktop\Proyec_Navaja_Suiza\Documentation1\Help\Working\BuildTopics.proj&quot; (destinos predeterminados).

Compilaci&#162;n correcta.

Tiempo transcurrido 00:00:57.08
    Last step completed in 00:00:57,6053
</buildStep>
<buildStep step="CombiningIntermediateTocFiles">
Combining conceptual and API intermediate TOC files...
    Last step completed in 00:00:00,0080
</buildStep>
<buildStep step="ExtractingHtmlInfo">
Extracting HTML info for HTML Help 1 and/or website...
[C:\Program Files\MSBuild\14.0\bin\MSBuild.exe - ExtractHtmlInfo.proj]
Sandcastle Help File Builder and Tools, version 2017.1.28.0
Copyright &#184; 2006-2017, Eric Woodruff, All Rights Reserved
E-Mail: Eric@EWoodruff.us

Using LCID &#39;3082&#39;, code page &#39;65001&#39;, encoding charset &#39;UTF-8&#39;.

Processing Help 1 files in C:\Users\eugafe\Desktop\Proyec_Navaja_Suiza\Documentation1\Help\Working\Output\HtmlHelp1
Processed 67 HTML files
Sorting keywords and generating See Also indices
Saving HTML Help 1 keyword index to C:\Users\eugafe\Desktop\Proyec_Navaja_Suiza\Documentation1\Help\Working\Documentation1.hhk
Saving HTML Help 1 table of contents to C:\Users\eugafe\Desktop\Proyec_Navaja_Suiza\Documentation1\Help\Working\Documentation1.hhc

Processing website files in C:\Users\eugafe\Desktop\Proyec_Navaja_Suiza\Documentation1\Help\Working\Output\Website
Processed 67 HTML files
Sorting keywords and generating See Also indices
Saving website keyword index to C:\Users\eugafe\Desktop\Proyec_Navaja_Suiza\Documentation1\Help\Working\WebKI.xml
Saving website table of contents to C:\Users\eugafe\Desktop\Proyec_Navaja_Suiza\Documentation1\Help\Working\WebTOC.xml
    Last step completed in 00:00:01,7981
</buildStep>
<buildStep step="CopyStandardHelpContent">
Copying standard help content...
C:\Program Files\EWSoftware\Sandcastle Help File Builder\PresentationStyles\VS2013\icons\AlertCaution.png -&gt; C:\Users\eugafe\Desktop\Proyec_Navaja_Suiza\Documentation1\Help\Working\Output\HtmlHelp1\icons\AlertCaution.png
C:\Program Files\EWSoftware\Sandcastle Help File Builder\PresentationStyles\VS2013\icons\AlertNote.png -&gt; C:\Users\eugafe\Desktop\Proyec_Navaja_Suiza\Documentation1\Help\Working\Output\HtmlHelp1\icons\AlertNote.png
C:\Program Files\EWSoftware\Sandcastle Help File Builder\PresentationStyles\VS2013\icons\AlertSecurity.png -&gt; C:\Users\eugafe\Desktop\Proyec_Navaja_Suiza\Documentation1\Help\Working\Output\HtmlHelp1\icons\AlertSecurity.png
C:\Program Files\EWSoftware\Sandcastle Help File Builder\PresentationStyles\VS2013\icons\CFW.gif -&gt; C:\Users\eugafe\Desktop\Proyec_Navaja_Suiza\Documentation1\Help\Working\Output\HtmlHelp1\icons\CFW.gif
C:\Program Files\EWSoftware\Sandcastle Help File Builder\PresentationStyles\VS2013\icons\CodeExample.png -&gt; C:\Users\eugafe\Desktop\Proyec_Navaja_Suiza\Documentation1\Help\Working\Output\HtmlHelp1\icons\CodeExample.png
C:\Program Files\EWSoftware\Sandcastle Help File Builder\PresentationStyles\VS2013\icons\favicon.ico -&gt; C:\Users\eugafe\Desktop\Proyec_Navaja_Suiza\Documentation1\Help\Working\Output\HtmlHelp1\icons\favicon.ico
C:\Program Files\EWSoftware\Sandcastle Help File Builder\PresentationStyles\VS2013\icons\privclass.gif -&gt; C:\Users\eugafe\Desktop\Proyec_Navaja_Suiza\Documentation1\Help\Working\Output\HtmlHelp1\icons\privclass.gif
C:\Program Files\EWSoftware\Sandcastle Help File Builder\PresentationStyles\VS2013\icons\privdelegate.gif -&gt; C:\Users\eugafe\Desktop\Proyec_Navaja_Suiza\Documentation1\Help\Working\Output\HtmlHelp1\icons\privdelegate.gif
C:\Program Files\EWSoftware\Sandcastle Help File Builder\PresentationStyles\VS2013\icons\privenumeration.gif -&gt; C:\Users\eugafe\Desktop\Proyec_Navaja_Suiza\Documentation1\Help\Working\Output\HtmlHelp1\icons\privenumeration.gif
C:\Program Files\EWSoftware\Sandcastle Help File Builder\PresentationStyles\VS2013\icons\privevent.gif -&gt; C:\Users\eugafe\Desktop\Proyec_Navaja_Suiza\Documentation1\Help\Working\Output\HtmlHelp1\icons\privevent.gif
C:\Program Files\EWSoftware\Sandcastle Help File Builder\PresentationStyles\VS2013\icons\privextension.gif -&gt; C:\Users\eugafe\Desktop\Proyec_Navaja_Suiza\Documentation1\Help\Working\Output\HtmlHelp1\icons\privextension.gif
C:\Program Files\EWSoftware\Sandcastle Help File Builder\PresentationStyles\VS2013\icons\privfield.gif -&gt; C:\Users\eugafe\Desktop\Proyec_Navaja_Suiza\Documentation1\Help\Working\Output\HtmlHelp1\icons\privfield.gif
C:\Program Files\EWSoftware\Sandcastle Help File Builder\PresentationStyles\VS2013\icons\privinterface.gif -&gt; C:\Users\eugafe\Desktop\Proyec_Navaja_Suiza\Documentation1\Help\Working\Output\HtmlHelp1\icons\privinterface.gif
C:\Program Files\EWSoftware\Sandcastle Help File Builder\PresentationStyles\VS2013\icons\privmethod.gif -&gt; C:\Users\eugafe\Desktop\Proyec_Navaja_Suiza\Documentation1\Help\Working\Output\HtmlHelp1\icons\privmethod.gif
C:\Program Files\EWSoftware\Sandcastle Help File Builder\PresentationStyles\VS2013\icons\privproperty.gif -&gt; C:\Users\eugafe\Desktop\Proyec_Navaja_Suiza\Documentation1\Help\Working\Output\HtmlHelp1\icons\privproperty.gif
C:\Program Files\EWSoftware\Sandcastle Help File Builder\PresentationStyles\VS2013\icons\privstructure.gif -&gt; C:\Users\eugafe\Desktop\Proyec_Navaja_Suiza\Documentation1\Help\Working\Output\HtmlHelp1\icons\privstructure.gif
C:\Program Files\EWSoftware\Sandcastle Help File Builder\PresentationStyles\VS2013\icons\protclass.gif -&gt; C:\Users\eugafe\Desktop\Proyec_Navaja_Suiza\Documentation1\Help\Working\Output\HtmlHelp1\icons\protclass.gif
C:\Program Files\EWSoftware\Sandcastle Help File Builder\PresentationStyles\VS2013\icons\protdelegate.gif -&gt; C:\Users\eugafe\Desktop\Proyec_Navaja_Suiza\Documentation1\Help\Working\Output\HtmlHelp1\icons\protdelegate.gif
C:\Program Files\EWSoftware\Sandcastle Help File Builder\PresentationStyles\VS2013\icons\protenumeration.gif -&gt; C:\Users\eugafe\Desktop\Proyec_Navaja_Suiza\Documentation1\Help\Working\Output\HtmlHelp1\icons\protenumeration.gif
C:\Program Files\EWSoftware\Sandcastle Help File Builder\PresentationStyles\VS2013\icons\protevent.gif -&gt; C:\Users\eugafe\Desktop\Proyec_Navaja_Suiza\Documentation1\Help\Working\Output\HtmlHelp1\icons\protevent.gif
C:\Program Files\EWSoftware\Sandcastle Help File Builder\PresentationStyles\VS2013\icons\protextension.gif -&gt; C:\Users\eugafe\Desktop\Proyec_Navaja_Suiza\Documentation1\Help\Working\Output\HtmlHelp1\icons\protextension.gif
C:\Program Files\EWSoftware\Sandcastle Help File Builder\PresentationStyles\VS2013\icons\protfield.gif -&gt; C:\Users\eugafe\Desktop\Proyec_Navaja_Suiza\Documentation1\Help\Working\Output\HtmlHelp1\icons\protfield.gif
C:\Program Files\EWSoftware\Sandcastle Help File Builder\PresentationStyles\VS2013\icons\protinterface.gif -&gt; C:\Users\eugafe\Desktop\Proyec_Navaja_Suiza\Documentation1\Help\Working\Output\HtmlHelp1\icons\protinterface.gif
C:\Program Files\EWSoftware\Sandcastle Help File Builder\PresentationStyles\VS2013\icons\protmethod.gif -&gt; C:\Users\eugafe\Desktop\Proyec_Navaja_Suiza\Documentation1\Help\Working\Output\HtmlHelp1\icons\protmethod.gif
C:\Program Files\EWSoftware\Sandcastle Help File Builder\PresentationStyles\VS2013\icons\protoperator.gif -&gt; C:\Users\eugafe\Desktop\Proyec_Navaja_Suiza\Documentation1\Help\Working\Output\HtmlHelp1\icons\protoperator.gif
C:\Program Files\EWSoftware\Sandcastle Help File Builder\PresentationStyles\VS2013\icons\protproperty.gif -&gt; C:\Users\eugafe\Desktop\Proyec_Navaja_Suiza\Documentation1\Help\Working\Output\HtmlHelp1\icons\protproperty.gif
C:\Program Files\EWSoftware\Sandcastle Help File Builder\PresentationStyles\VS2013\icons\protstructure.gif -&gt; C:\Users\eugafe\Desktop\Proyec_Navaja_Suiza\Documentation1\Help\Working\Output\HtmlHelp1\icons\protstructure.gif
C:\Program Files\EWSoftware\Sandcastle Help File Builder\PresentationStyles\VS2013\icons\pubclass.gif -&gt; C:\Users\eugafe\Desktop\Proyec_Navaja_Suiza\Documentation1\Help\Working\Output\HtmlHelp1\icons\pubclass.gif
C:\Program Files\EWSoftware\Sandcastle Help File Builder\PresentationStyles\VS2013\icons\pubdelegate.gif -&gt; C:\Users\eugafe\Desktop\Proyec_Navaja_Suiza\Documentation1\Help\Working\Output\HtmlHelp1\icons\pubdelegate.gif
C:\Program Files\EWSoftware\Sandcastle Help File Builder\PresentationStyles\VS2013\icons\pubenumeration.gif -&gt; C:\Users\eugafe\Desktop\Proyec_Navaja_Suiza\Documentation1\Help\Working\Output\HtmlHelp1\icons\pubenumeration.gif
C:\Program Files\EWSoftware\Sandcastle Help File Builder\PresentationStyles\VS2013\icons\pubevent.gif -&gt; C:\Users\eugafe\Desktop\Proyec_Navaja_Suiza\Documentation1\Help\Working\Output\HtmlHelp1\icons\pubevent.gif
C:\Program Files\EWSoftware\Sandcastle Help File Builder\PresentationStyles\VS2013\icons\pubextension.gif -&gt; C:\Users\eugafe\Desktop\Proyec_Navaja_Suiza\Documentation1\Help\Working\Output\HtmlHelp1\icons\pubextension.gif
C:\Program Files\EWSoftware\Sandcastle Help File Builder\PresentationStyles\VS2013\icons\pubfield.gif -&gt; C:\Users\eugafe\Desktop\Proyec_Navaja_Suiza\Documentation1\Help\Working\Output\HtmlHelp1\icons\pubfield.gif
C:\Program Files\EWSoftware\Sandcastle Help File Builder\PresentationStyles\VS2013\icons\pubinterface.gif -&gt; C:\Users\eugafe\Desktop\Proyec_Navaja_Suiza\Documentation1\Help\Working\Output\HtmlHelp1\icons\pubinterface.gif
C:\Program Files\EWSoftware\Sandcastle Help File Builder\PresentationStyles\VS2013\icons\pubmethod.gif -&gt; C:\Users\eugafe\Desktop\Proyec_Navaja_Suiza\Documentation1\Help\Working\Output\HtmlHelp1\icons\pubmethod.gif
C:\Program Files\EWSoftware\Sandcastle Help File Builder\PresentationStyles\VS2013\icons\puboperator.gif -&gt; C:\Users\eugafe\Desktop\Proyec_Navaja_Suiza\Documentation1\Help\Working\Output\HtmlHelp1\icons\puboperator.gif
C:\Program Files\EWSoftware\Sandcastle Help File Builder\PresentationStyles\VS2013\icons\pubproperty.gif -&gt; C:\Users\eugafe\Desktop\Proyec_Navaja_Suiza\Documentation1\Help\Working\Output\HtmlHelp1\icons\pubproperty.gif
C:\Program Files\EWSoftware\Sandcastle Help File Builder\PresentationStyles\VS2013\icons\pubstructure.gif -&gt; C:\Users\eugafe\Desktop\Proyec_Navaja_Suiza\Documentation1\Help\Working\Output\HtmlHelp1\icons\pubstructure.gif
C:\Program Files\EWSoftware\Sandcastle Help File Builder\PresentationStyles\VS2013\icons\SectionCollapsed.png -&gt; C:\Users\eugafe\Desktop\Proyec_Navaja_Suiza\Documentation1\Help\Working\Output\HtmlHelp1\icons\SectionCollapsed.png
C:\Program Files\EWSoftware\Sandcastle Help File Builder\PresentationStyles\VS2013\icons\SectionExpanded.png -&gt; C:\Users\eugafe\Desktop\Proyec_Navaja_Suiza\Documentation1\Help\Working\Output\HtmlHelp1\icons\SectionExpanded.png
C:\Program Files\EWSoftware\Sandcastle Help File Builder\PresentationStyles\VS2013\icons\slMobile.gif -&gt; C:\Users\eugafe\Desktop\Proyec_Navaja_Suiza\Documentation1\Help\Working\Output\HtmlHelp1\icons\slMobile.gif
C:\Program Files\EWSoftware\Sandcastle Help File Builder\PresentationStyles\VS2013\icons\static.gif -&gt; C:\Users\eugafe\Desktop\Proyec_Navaja_Suiza\Documentation1\Help\Working\Output\HtmlHelp1\icons\static.gif
C:\Program Files\EWSoftware\Sandcastle Help File Builder\PresentationStyles\VS2013\icons\xna.gif -&gt; C:\Users\eugafe\Desktop\Proyec_Navaja_Suiza\Documentation1\Help\Working\Output\HtmlHelp1\icons\xna.gif
C:\Program Files\EWSoftware\Sandcastle Help File Builder\PresentationStyles\VS2013\scripts\branding.js -&gt; C:\Users\eugafe\Desktop\Proyec_Navaja_Suiza\Documentation1\Help\Working\Output\HtmlHelp1\scripts\branding.js
C:\Program Files\EWSoftware\Sandcastle Help File Builder\PresentationStyles\VS2013\styles\branding-cs-CZ.css -&gt; C:\Users\eugafe\Desktop\Proyec_Navaja_Suiza\Documentation1\Help\Working\Output\HtmlHelp1\styles\branding-cs-CZ.css
C:\Program Files\EWSoftware\Sandcastle Help File Builder\PresentationStyles\VS2013\styles\branding-de-DE.css -&gt; C:\Users\eugafe\Desktop\Proyec_Navaja_Suiza\Documentation1\Help\Working\Output\HtmlHelp1\styles\branding-de-DE.css
C:\Program Files\EWSoftware\Sandcastle Help File Builder\PresentationStyles\VS2013\styles\branding-en-US.css -&gt; C:\Users\eugafe\Desktop\Proyec_Navaja_Suiza\Documentation1\Help\Working\Output\HtmlHelp1\styles\branding-en-US.css
C:\Program Files\EWSoftware\Sandcastle Help File Builder\PresentationStyles\VS2013\styles\branding-es-ES.css -&gt; C:\Users\eugafe\Desktop\Proyec_Navaja_Suiza\Documentation1\Help\Working\Output\HtmlHelp1\styles\branding-es-ES.css
C:\Program Files\EWSoftware\Sandcastle Help File Builder\PresentationStyles\VS2013\styles\branding-fr-FR.css -&gt; C:\Users\eugafe\Desktop\Proyec_Navaja_Suiza\Documentation1\Help\Working\Output\HtmlHelp1\styles\branding-fr-FR.css
C:\Program Files\EWSoftware\Sandcastle Help File Builder\PresentationStyles\VS2013\styles\branding-Help1.css -&gt; C:\Users\eugafe\Desktop\Proyec_Navaja_Suiza\Documentation1\Help\Working\Output\HtmlHelp1\styles\branding-Help1.css
C:\Program Files\EWSoftware\Sandcastle Help File Builder\PresentationStyles\VS2013\styles\branding-HelpViewer.css -&gt; C:\Users\eugafe\Desktop\Proyec_Navaja_Suiza\Documentation1\Help\Working\Output\HtmlHelp1\styles\branding-HelpViewer.css
C:\Program Files\EWSoftware\Sandcastle Help File Builder\PresentationStyles\VS2013\styles\branding-it-IT.css -&gt; C:\Users\eugafe\Desktop\Proyec_Navaja_Suiza\Documentation1\Help\Working\Output\HtmlHelp1\styles\branding-it-IT.css
C:\Program Files\EWSoftware\Sandcastle Help File Builder\PresentationStyles\VS2013\styles\branding-ja-JP.css -&gt; C:\Users\eugafe\Desktop\Proyec_Navaja_Suiza\Documentation1\Help\Working\Output\HtmlHelp1\styles\branding-ja-JP.css
C:\Program Files\EWSoftware\Sandcastle Help File Builder\PresentationStyles\VS2013\styles\branding-ko-KR.css -&gt; C:\Users\eugafe\Desktop\Proyec_Navaja_Suiza\Documentation1\Help\Working\Output\HtmlHelp1\styles\branding-ko-KR.css
C:\Program Files\EWSoftware\Sandcastle Help File Builder\PresentationStyles\VS2013\styles\branding-pl-PL.css -&gt; C:\Users\eugafe\Desktop\Proyec_Navaja_Suiza\Documentation1\Help\Working\Output\HtmlHelp1\styles\branding-pl-PL.css
C:\Program Files\EWSoftware\Sandcastle Help File Builder\PresentationStyles\VS2013\styles\branding-pt-BR.css -&gt; C:\Users\eugafe\Desktop\Proyec_Navaja_Suiza\Documentation1\Help\Working\Output\HtmlHelp1\styles\branding-pt-BR.css
C:\Program Files\EWSoftware\Sandcastle Help File Builder\PresentationStyles\VS2013\styles\branding-ru-RU.css -&gt; C:\Users\eugafe\Desktop\Proyec_Navaja_Suiza\Documentation1\Help\Working\Output\HtmlHelp1\styles\branding-ru-RU.css
C:\Program Files\EWSoftware\Sandcastle Help File Builder\PresentationStyles\VS2013\styles\branding-tr-TR.css -&gt; C:\Users\eugafe\Desktop\Proyec_Navaja_Suiza\Documentation1\Help\Working\Output\HtmlHelp1\styles\branding-tr-TR.css
C:\Program Files\EWSoftware\Sandcastle Help File Builder\PresentationStyles\VS2013\styles\branding-Website.css -&gt; C:\Users\eugafe\Desktop\Proyec_Navaja_Suiza\Documentation1\Help\Working\Output\HtmlHelp1\styles\branding-Website.css
C:\Program Files\EWSoftware\Sandcastle Help File Builder\PresentationStyles\VS2013\styles\branding-zh-CN.css -&gt; C:\Users\eugafe\Desktop\Proyec_Navaja_Suiza\Documentation1\Help\Working\Output\HtmlHelp1\styles\branding-zh-CN.css
C:\Program Files\EWSoftware\Sandcastle Help File Builder\PresentationStyles\VS2013\styles\branding-zh-TW.css -&gt; C:\Users\eugafe\Desktop\Proyec_Navaja_Suiza\Documentation1\Help\Working\Output\HtmlHelp1\styles\branding-zh-TW.css
C:\Program Files\EWSoftware\Sandcastle Help File Builder\PresentationStyles\VS2013\styles\branding.css -&gt; C:\Users\eugafe\Desktop\Proyec_Navaja_Suiza\Documentation1\Help\Working\Output\HtmlHelp1\styles\branding.css
C:\Program Files\EWSoftware\Sandcastle Help File Builder\PresentationStyles\VS2013\icons\AlertCaution.png -&gt; C:\Users\eugafe\Desktop\Proyec_Navaja_Suiza\Documentation1\Help\Working\Output\Website\icons\AlertCaution.png
C:\Program Files\EWSoftware\Sandcastle Help File Builder\PresentationStyles\VS2013\icons\AlertNote.png -&gt; C:\Users\eugafe\Desktop\Proyec_Navaja_Suiza\Documentation1\Help\Working\Output\Website\icons\AlertNote.png
C:\Program Files\EWSoftware\Sandcastle Help File Builder\PresentationStyles\VS2013\icons\AlertSecurity.png -&gt; C:\Users\eugafe\Desktop\Proyec_Navaja_Suiza\Documentation1\Help\Working\Output\Website\icons\AlertSecurity.png
C:\Program Files\EWSoftware\Sandcastle Help File Builder\PresentationStyles\VS2013\icons\CFW.gif -&gt; C:\Users\eugafe\Desktop\Proyec_Navaja_Suiza\Documentation1\Help\Working\Output\Website\icons\CFW.gif
C:\Program Files\EWSoftware\Sandcastle Help File Builder\PresentationStyles\VS2013\icons\CodeExample.png -&gt; C:\Users\eugafe\Desktop\Proyec_Navaja_Suiza\Documentation1\Help\Working\Output\Website\icons\CodeExample.png
C:\Program Files\EWSoftware\Sandcastle Help File Builder\PresentationStyles\VS2013\icons\favicon.ico -&gt; C:\Users\eugafe\Desktop\Proyec_Navaja_Suiza\Documentation1\Help\Working\Output\Website\icons\favicon.ico
C:\Program Files\EWSoftware\Sandcastle Help File Builder\PresentationStyles\VS2013\icons\privclass.gif -&gt; C:\Users\eugafe\Desktop\Proyec_Navaja_Suiza\Documentation1\Help\Working\Output\Website\icons\privclass.gif
C:\Program Files\EWSoftware\Sandcastle Help File Builder\PresentationStyles\VS2013\icons\privdelegate.gif -&gt; C:\Users\eugafe\Desktop\Proyec_Navaja_Suiza\Documentation1\Help\Working\Output\Website\icons\privdelegate.gif
C:\Program Files\EWSoftware\Sandcastle Help File Builder\PresentationStyles\VS2013\icons\privenumeration.gif -&gt; C:\Users\eugafe\Desktop\Proyec_Navaja_Suiza\Documentation1\Help\Working\Output\Website\icons\privenumeration.gif
C:\Program Files\EWSoftware\Sandcastle Help File Builder\PresentationStyles\VS2013\icons\privevent.gif -&gt; C:\Users\eugafe\Desktop\Proyec_Navaja_Suiza\Documentation1\Help\Working\Output\Website\icons\privevent.gif
C:\Program Files\EWSoftware\Sandcastle Help File Builder\PresentationStyles\VS2013\icons\privextension.gif -&gt; C:\Users\eugafe\Desktop\Proyec_Navaja_Suiza\Documentation1\Help\Working\Output\Website\icons\privextension.gif
C:\Program Files\EWSoftware\Sandcastle Help File Builder\PresentationStyles\VS2013\icons\privfield.gif -&gt; C:\Users\eugafe\Desktop\Proyec_Navaja_Suiza\Documentation1\Help\Working\Output\Website\icons\privfield.gif
C:\Program Files\EWSoftware\Sandcastle Help File Builder\PresentationStyles\VS2013\icons\privinterface.gif -&gt; C:\Users\eugafe\Desktop\Proyec_Navaja_Suiza\Documentation1\Help\Working\Output\Website\icons\privinterface.gif
C:\Program Files\EWSoftware\Sandcastle Help File Builder\PresentationStyles\VS2013\icons\privmethod.gif -&gt; C:\Users\eugafe\Desktop\Proyec_Navaja_Suiza\Documentation1\Help\Working\Output\Website\icons\privmethod.gif
C:\Program Files\EWSoftware\Sandcastle Help File Builder\PresentationStyles\VS2013\icons\privproperty.gif -&gt; C:\Users\eugafe\Desktop\Proyec_Navaja_Suiza\Documentation1\Help\Working\Output\Website\icons\privproperty.gif
C:\Program Files\EWSoftware\Sandcastle Help File Builder\PresentationStyles\VS2013\icons\privstructure.gif -&gt; C:\Users\eugafe\Desktop\Proyec_Navaja_Suiza\Documentation1\Help\Working\Output\Website\icons\privstructure.gif
C:\Program Files\EWSoftware\Sandcastle Help File Builder\PresentationStyles\VS2013\icons\protclass.gif -&gt; C:\Users\eugafe\Desktop\Proyec_Navaja_Suiza\Documentation1\Help\Working\Output\Website\icons\protclass.gif
C:\Program Files\EWSoftware\Sandcastle Help File Builder\PresentationStyles\VS2013\icons\protdelegate.gif -&gt; C:\Users\eugafe\Desktop\Proyec_Navaja_Suiza\Documentation1\Help\Working\Output\Website\icons\protdelegate.gif
C:\Program Files\EWSoftware\Sandcastle Help File Builder\PresentationStyles\VS2013\icons\protenumeration.gif -&gt; C:\Users\eugafe\Desktop\Proyec_Navaja_Suiza\Documentation1\Help\Working\Output\Website\icons\protenumeration.gif
C:\Program Files\EWSoftware\Sandcastle Help File Builder\PresentationStyles\VS2013\icons\protevent.gif -&gt; C:\Users\eugafe\Desktop\Proyec_Navaja_Suiza\Documentation1\Help\Working\Output\Website\icons\protevent.gif
C:\Program Files\EWSoftware\Sandcastle Help File Builder\PresentationStyles\VS2013\icons\protextension.gif -&gt; C:\Users\eugafe\Desktop\Proyec_Navaja_Suiza\Documentation1\Help\Working\Output\Website\icons\protextension.gif
C:\Program Files\EWSoftware\Sandcastle Help File Builder\PresentationStyles\VS2013\icons\protfield.gif -&gt; C:\Users\eugafe\Desktop\Proyec_Navaja_Suiza\Documentation1\Help\Working\Output\Website\icons\protfield.gif
C:\Program Files\EWSoftware\Sandcastle Help File Builder\PresentationStyles\VS2013\icons\protinterface.gif -&gt; C:\Users\eugafe\Desktop\Proyec_Navaja_Suiza\Documentation1\Help\Working\Output\Website\icons\protinterface.gif
C:\Program Files\EWSoftware\Sandcastle Help File Builder\PresentationStyles\VS2013\icons\protmethod.gif -&gt; C:\Users\eugafe\Desktop\Proyec_Navaja_Suiza\Documentation1\Help\Working\Output\Website\icons\protmethod.gif
C:\Program Files\EWSoftware\Sandcastle Help File Builder\PresentationStyles\VS2013\icons\protoperator.gif -&gt; C:\Users\eugafe\Desktop\Proyec_Navaja_Suiza\Documentation1\Help\Working\Output\Website\icons\protoperator.gif
C:\Program Files\EWSoftware\Sandcastle Help File Builder\PresentationStyles\VS2013\icons\protproperty.gif -&gt; C:\Users\eugafe\Desktop\Proyec_Navaja_Suiza\Documentation1\Help\Working\Output\Website\icons\protproperty.gif
C:\Program Files\EWSoftware\Sandcastle Help File Builder\PresentationStyles\VS2013\icons\protstructure.gif -&gt; C:\Users\eugafe\Desktop\Proyec_Navaja_Suiza\Documentation1\Help\Working\Output\Website\icons\protstructure.gif
C:\Program Files\EWSoftware\Sandcastle Help File Builder\PresentationStyles\VS2013\icons\pubclass.gif -&gt; C:\Users\eugafe\Desktop\Proyec_Navaja_Suiza\Documentation1\Help\Working\Output\Website\icons\pubclass.gif
C:\Program Files\EWSoftware\Sandcastle Help File Builder\PresentationStyles\VS2013\icons\pubdelegate.gif -&gt; C:\Users\eugafe\Desktop\Proyec_Navaja_Suiza\Documentation1\Help\Working\Output\Website\icons\pubdelegate.gif
C:\Program Files\EWSoftware\Sandcastle Help File Builder\PresentationStyles\VS2013\icons\pubenumeration.gif -&gt; C:\Users\eugafe\Desktop\Proyec_Navaja_Suiza\Documentation1\Help\Working\Output\Website\icons\pubenumeration.gif
C:\Program Files\EWSoftware\Sandcastle Help File Builder\PresentationStyles\VS2013\icons\pubevent.gif -&gt; C:\Users\eugafe\Desktop\Proyec_Navaja_Suiza\Documentation1\Help\Working\Output\Website\icons\pubevent.gif
C:\Program Files\EWSoftware\Sandcastle Help File Builder\PresentationStyles\VS2013\icons\pubextension.gif -&gt; C:\Users\eugafe\Desktop\Proyec_Navaja_Suiza\Documentation1\Help\Working\Output\Website\icons\pubextension.gif
C:\Program Files\EWSoftware\Sandcastle Help File Builder\PresentationStyles\VS2013\icons\pubfield.gif -&gt; C:\Users\eugafe\Desktop\Proyec_Navaja_Suiza\Documentation1\Help\Working\Output\Website\icons\pubfield.gif
C:\Program Files\EWSoftware\Sandcastle Help File Builder\PresentationStyles\VS2013\icons\pubinterface.gif -&gt; C:\Users\eugafe\Desktop\Proyec_Navaja_Suiza\Documentation1\Help\Working\Output\Website\icons\pubinterface.gif
C:\Program Files\EWSoftware\Sandcastle Help File Builder\PresentationStyles\VS2013\icons\pubmethod.gif -&gt; C:\Users\eugafe\Desktop\Proyec_Navaja_Suiza\Documentation1\Help\Working\Output\Website\icons\pubmethod.gif
C:\Program Files\EWSoftware\Sandcastle Help File Builder\PresentationStyles\VS2013\icons\puboperator.gif -&gt; C:\Users\eugafe\Desktop\Proyec_Navaja_Suiza\Documentation1\Help\Working\Output\Website\icons\puboperator.gif
C:\Program Files\EWSoftware\Sandcastle Help File Builder\PresentationStyles\VS2013\icons\pubproperty.gif -&gt; C:\Users\eugafe\Desktop\Proyec_Navaja_Suiza\Documentation1\Help\Working\Output\Website\icons\pubproperty.gif
C:\Program Files\EWSoftware\Sandcastle Help File Builder\PresentationStyles\VS2013\icons\pubstructure.gif -&gt; C:\Users\eugafe\Desktop\Proyec_Navaja_Suiza\Documentation1\Help\Working\Output\Website\icons\pubstructure.gif
C:\Program Files\EWSoftware\Sandcastle Help File Builder\PresentationStyles\VS2013\icons\SectionCollapsed.png -&gt; C:\Users\eugafe\Desktop\Proyec_Navaja_Suiza\Documentation1\Help\Working\Output\Website\icons\SectionCollapsed.png
C:\Program Files\EWSoftware\Sandcastle Help File Builder\PresentationStyles\VS2013\icons\SectionExpanded.png -&gt; C:\Users\eugafe\Desktop\Proyec_Navaja_Suiza\Documentation1\Help\Working\Output\Website\icons\SectionExpanded.png
C:\Program Files\EWSoftware\Sandcastle Help File Builder\PresentationStyles\VS2013\icons\slMobile.gif -&gt; C:\Users\eugafe\Desktop\Proyec_Navaja_Suiza\Documentation1\Help\Working\Output\Website\icons\slMobile.gif
C:\Program Files\EWSoftware\Sandcastle Help File Builder\PresentationStyles\VS2013\icons\static.gif -&gt; C:\Users\eugafe\Desktop\Proyec_Navaja_Suiza\Documentation1\Help\Working\Output\Website\icons\static.gif
C:\Program Files\EWSoftware\Sandcastle Help File Builder\PresentationStyles\VS2013\icons\xna.gif -&gt; C:\Users\eugafe\Desktop\Proyec_Navaja_Suiza\Documentation1\Help\Working\Output\Website\icons\xna.gif
C:\Program Files\EWSoftware\Sandcastle Help File Builder\PresentationStyles\VS2013\scripts\branding.js -&gt; C:\Users\eugafe\Desktop\Proyec_Navaja_Suiza\Documentation1\Help\Working\Output\Website\scripts\branding.js
C:\Program Files\EWSoftware\Sandcastle Help File Builder\PresentationStyles\VS2013\styles\branding-cs-CZ.css -&gt; C:\Users\eugafe\Desktop\Proyec_Navaja_Suiza\Documentation1\Help\Working\Output\Website\styles\branding-cs-CZ.css
C:\Program Files\EWSoftware\Sandcastle Help File Builder\PresentationStyles\VS2013\styles\branding-de-DE.css -&gt; C:\Users\eugafe\Desktop\Proyec_Navaja_Suiza\Documentation1\Help\Working\Output\Website\styles\branding-de-DE.css
C:\Program Files\EWSoftware\Sandcastle Help File Builder\PresentationStyles\VS2013\styles\branding-en-US.css -&gt; C:\Users\eugafe\Desktop\Proyec_Navaja_Suiza\Documentation1\Help\Working\Output\Website\styles\branding-en-US.css
C:\Program Files\EWSoftware\Sandcastle Help File Builder\PresentationStyles\VS2013\styles\branding-es-ES.css -&gt; C:\Users\eugafe\Desktop\Proyec_Navaja_Suiza\Documentation1\Help\Working\Output\Website\styles\branding-es-ES.css
C:\Program Files\EWSoftware\Sandcastle Help File Builder\PresentationStyles\VS2013\styles\branding-fr-FR.css -&gt; C:\Users\eugafe\Desktop\Proyec_Navaja_Suiza\Documentation1\Help\Working\Output\Website\styles\branding-fr-FR.css
C:\Program Files\EWSoftware\Sandcastle Help File Builder\PresentationStyles\VS2013\styles\branding-Help1.css -&gt; C:\Users\eugafe\Desktop\Proyec_Navaja_Suiza\Documentation1\Help\Working\Output\Website\styles\branding-Help1.css
C:\Program Files\EWSoftware\Sandcastle Help File Builder\PresentationStyles\VS2013\styles\branding-HelpViewer.css -&gt; C:\Users\eugafe\Desktop\Proyec_Navaja_Suiza\Documentation1\Help\Working\Output\Website\styles\branding-HelpViewer.css
C:\Program Files\EWSoftware\Sandcastle Help File Builder\PresentationStyles\VS2013\styles\branding-it-IT.css -&gt; C:\Users\eugafe\Desktop\Proyec_Navaja_Suiza\Documentation1\Help\Working\Output\Website\styles\branding-it-IT.css
C:\Program Files\EWSoftware\Sandcastle Help File Builder\PresentationStyles\VS2013\styles\branding-ja-JP.css -&gt; C:\Users\eugafe\Desktop\Proyec_Navaja_Suiza\Documentation1\Help\Working\Output\Website\styles\branding-ja-JP.css
C:\Program Files\EWSoftware\Sandcastle Help File Builder\PresentationStyles\VS2013\styles\branding-ko-KR.css -&gt; C:\Users\eugafe\Desktop\Proyec_Navaja_Suiza\Documentation1\Help\Working\Output\Website\styles\branding-ko-KR.css
C:\Program Files\EWSoftware\Sandcastle Help File Builder\PresentationStyles\VS2013\styles\branding-pl-PL.css -&gt; C:\Users\eugafe\Desktop\Proyec_Navaja_Suiza\Documentation1\Help\Working\Output\Website\styles\branding-pl-PL.css
C:\Program Files\EWSoftware\Sandcastle Help File Builder\PresentationStyles\VS2013\styles\branding-pt-BR.css -&gt; C:\Users\eugafe\Desktop\Proyec_Navaja_Suiza\Documentation1\Help\Working\Output\Website\styles\branding-pt-BR.css
C:\Program Files\EWSoftware\Sandcastle Help File Builder\PresentationStyles\VS2013\styles\branding-ru-RU.css -&gt; C:\Users\eugafe\Desktop\Proyec_Navaja_Suiza\Documentation1\Help\Working\Output\Website\styles\branding-ru-RU.css
C:\Program Files\EWSoftware\Sandcastle Help File Builder\PresentationStyles\VS2013\styles\branding-tr-TR.css -&gt; C:\Users\eugafe\Desktop\Proyec_Navaja_Suiza\Documentation1\Help\Working\Output\Website\styles\branding-tr-TR.css
C:\Program Files\EWSoftware\Sandcastle Help File Builder\PresentationStyles\VS2013\styles\branding-Website.css -&gt; C:\Users\eugafe\Desktop\Proyec_Navaja_Suiza\Documentation1\Help\Working\Output\Website\styles\branding-Website.css
C:\Program Files\EWSoftware\Sandcastle Help File Builder\PresentationStyles\VS2013\styles\branding-zh-CN.css -&gt; C:\Users\eugafe\Desktop\Proyec_Navaja_Suiza\Documentation1\Help\Working\Output\Website\styles\branding-zh-CN.css
C:\Program Files\EWSoftware\Sandcastle Help File Builder\PresentationStyles\VS2013\styles\branding-zh-TW.css -&gt; C:\Users\eugafe\Desktop\Proyec_Navaja_Suiza\Documentation1\Help\Working\Output\Website\styles\branding-zh-TW.css
C:\Program Files\EWSoftware\Sandcastle Help File Builder\PresentationStyles\VS2013\styles\branding.css -&gt; C:\Users\eugafe\Desktop\Proyec_Navaja_Suiza\Documentation1\Help\Working\Output\Website\styles\branding.css
C:\Program Files\EWSoftware\Sandcastle Help File Builder\PresentationStyles\VS2013\Web\index.html -&gt; C:\Users\eugafe\Desktop\Proyec_Navaja_Suiza\Documentation1\Help\Working\Output\Website\index.html
C:\Program Files\EWSoftware\Sandcastle Help File Builder\PresentationStyles\VS2013\Web\search.html -&gt; C:\Users\eugafe\Desktop\Proyec_Navaja_Suiza\Documentation1\Help\Working\Output\Website\search.html
C:\Program Files\EWSoftware\Sandcastle Help File Builder\PresentationStyles\VS2013\Web\SearchHelp.aspx -&gt; C:\Users\eugafe\Desktop\Proyec_Navaja_Suiza\Documentation1\Help\Working\Output\Website\SearchHelp.aspx
C:\Program Files\EWSoftware\Sandcastle Help File Builder\PresentationStyles\VS2013\Web\SearchHelp.inc.php -&gt; C:\Users\eugafe\Desktop\Proyec_Navaja_Suiza\Documentation1\Help\Working\Output\Website\SearchHelp.inc.php
C:\Program Files\EWSoftware\Sandcastle Help File Builder\PresentationStyles\VS2013\Web\SearchHelp.php -&gt; C:\Users\eugafe\Desktop\Proyec_Navaja_Suiza\Documentation1\Help\Working\Output\Website\SearchHelp.php
C:\Program Files\EWSoftware\Sandcastle Help File Builder\PresentationStyles\VS2013\Web\Web.Config -&gt; C:\Users\eugafe\Desktop\Proyec_Navaja_Suiza\Documentation1\Help\Working\Output\Website\Web.Config
C:\Program Files\EWSoftware\Sandcastle Help File Builder\PresentationStyles\VS2013\Web\icons\Search.png -&gt; C:\Users\eugafe\Desktop\Proyec_Navaja_Suiza\Documentation1\Help\Working\Output\Website\icons\Search.png
C:\Program Files\EWSoftware\Sandcastle Help File Builder\PresentationStyles\VS2013\Web\icons\TocClose.gif -&gt; C:\Users\eugafe\Desktop\Proyec_Navaja_Suiza\Documentation1\Help\Working\Output\Website\icons\TocClose.gif
C:\Program Files\EWSoftware\Sandcastle Help File Builder\PresentationStyles\VS2013\Web\icons\TocCollapsed.gif -&gt; C:\Users\eugafe\Desktop\Proyec_Navaja_Suiza\Documentation1\Help\Working\Output\Website\icons\TocCollapsed.gif
C:\Program Files\EWSoftware\Sandcastle Help File Builder\PresentationStyles\VS2013\Web\icons\TocExpanded.gif -&gt; C:\Users\eugafe\Desktop\Proyec_Navaja_Suiza\Documentation1\Help\Working\Output\Website\icons\TocExpanded.gif
C:\Program Files\EWSoftware\Sandcastle Help File Builder\PresentationStyles\VS2013\Web\icons\TocOpen.gif -&gt; C:\Users\eugafe\Desktop\Proyec_Navaja_Suiza\Documentation1\Help\Working\Output\Website\icons\TocOpen.gif
C:\Program Files\EWSoftware\Sandcastle Help File Builder\PresentationStyles\VS2013\Web\scripts\branding-Website.js -&gt; C:\Users\eugafe\Desktop\Proyec_Navaja_Suiza\Documentation1\Help\Working\Output\Website\scripts\branding-Website.js
C:\Program Files\EWSoftware\Sandcastle Help File Builder\PresentationStyles\VS2013\Web\scripts\clipboard.min.js -&gt; C:\Users\eugafe\Desktop\Proyec_Navaja_Suiza\Documentation1\Help\Working\Output\Website\scripts\clipboard.min.js
C:\Program Files\EWSoftware\Sandcastle Help File Builder\PresentationStyles\VS2013\Web\scripts\jquery-1.11.0.min.js -&gt; C:\Users\eugafe\Desktop\Proyec_Navaja_Suiza\Documentation1\Help\Working\Output\Website\scripts\jquery-1.11.0.min.js
    Last step completed in 00:00:01,3831
</buildStep>
<buildStep step="GenerateHelpFormatTableOfContents">
Generating HTML Help 1 table of contents file...
    Last step completed in 00:00:00,0030
</buildStep>
<buildStep step="GenerateHelpFileIndex">
Generating HTML Help 1 index file...
    Last step completed in 00:00:00,0000
</buildStep>
<buildStep step="GenerateHelpProject">
Generating HTML Help 1 project file...
    Last step completed in 00:00:00,0150
</buildStep>
<buildStep step="CompilingHelpFile">
Compiling HTML Help 1 file...
[C:\Program Files\MSBuild\14.0\bin\MSBuild.exe - Build1xHelpFile.proj]
  Microsoft HTML Help Compiler 4.74.8702
  
  
  
  Compiling c:\Users\eugafe\Desktop\Proyec_Navaja_Suiza\Documentation1\Help\Working\Output\HtmlHelp1\Documentation1.chm
  
  
  
  
  
  Compile time: 0 minutes, 2 seconds
  
  69	Topics
  
  568	Local links
  
  12,002	Internet links
  
  0	Graphics
  
  
  
  
  
  Created c:\Users\eugafe\Desktop\Proyec_Navaja_Suiza\Documentation1\Help\Working\Output\HtmlHelp1\Documentation1.chm, 424,930 bytes
  
  Compression decreased file by 2,516,792 bytes.
  
    Last step completed in 00:00:03,7422
</buildStep>
<buildStep step="GenerateHelpFormatTableOfContents">
Generating website table of contents file...
    Last step completed in 00:00:00,0040
</buildStep>
<buildStep step="GenerateFullTextIndex">
Generating full-text index for the website...

<plugIn name="Lightweight Website Style" behavior="After" priority="1000">
Adding lightweight search and TOC elements to each topic...
</plugIn>    Last step completed in 00:00:01,9251
</buildStep>
<buildStep step="CopyingWebsiteFiles">
Copying website files to output folder...

Copied 203 files for the website content
    Last step completed in 00:00:00,8720
</buildStep>
<buildStep step="CleanIntermediates">
Removing intermediate files...
    Last step completed in 00:00:00,6640
</buildStep>
<buildStep step="Completed">

Build completed successfully at 16/05/2017 0:10:46.  Total time: 00:01:16,9594

</buildStep>
</shfbBuild>
